<?xml version="1.0" encoding="UTF-8"?>
<!-- Generated by org.testng.reporters.JUnitReportReporter -->
<testsuite skipped="0" hostname="DESKTOP-NV12K62" name="testcases.ExtentReports_TestNG" tests="1" failures="0" timestamp="2021-08-05T17:56:02 IST" time="11.560" errors="0">
  <testcase name="googleSearchText" time="11.560" classname="testcases.ExtentReports_TestNG"/>
  <system-out/>
</testsuite> <!-- testcases.ExtentReports_TestNG -->
