<?xml version="1.0" encoding="UTF-8"?>
<!-- Generated by org.testng.reporters.JUnitReportReporter -->
<testsuite skipped="0" hostname="DESKTOP-NV12K62" name="testcases.TestNG_demo" tests="1" failures="0" timestamp="2021-08-05T14:53:12 IST" time="5.677" errors="0">
  <testcase name="googleSearchText" time="5.677" classname="testcases.TestNG_demo"/>
  <system-out/>
</testsuite> <!-- testcases.TestNG_demo -->
